2019-02-17 20:06:36,937 [INFO] from play.api.db.DefaultDBApi in play-dev-mode-akka.actor.default-dispatcher-2 - Database [default] initialized at jdbc:h2:~/archivo.db
2019-02-17 20:06:36,947 [INFO] from application in play-dev-mode-akka.actor.default-dispatcher-2 - Creating Pool for datasource 'default'
2019-02-17 20:08:34,705 [WARN] from org.hibernate.validator.messageinterpolation.ParameterMessageInterpolator in play-dev-mode-akka.actor.default-dispatcher-2 - HV000184: ParameterMessageInterpolator has been chosen, EL interpolation will not be supported
2019-02-17 20:08:47,298 [INFO] from play.api.http.EnabledFilters in play-dev-mode-akka.actor.default-dispatcher-2 - Enabled Filters (see <https://www.playframework.com/documentation/latest/Filters>):

    play.filters.csrf.CSRFFilter
    play.filters.headers.SecurityHeadersFilter
    play.filters.hosts.AllowedHostsFilter

2019-02-17 20:08:48,011 [INFO] from play.api.Play in play-dev-mode-akka.actor.default-dispatcher-2 - Application started (Dev)
2019-02-17 20:12:31,918 [WARN] from com.zaxxer.hikari.pool.HikariPool in HikariPool-1 housekeeper - HikariPool-1 - Thread starvation or clock leap detected (housekeeper delta=1m24s92ms).
2019-02-18 01:45:24,459 [WARN] from com.zaxxer.hikari.pool.HikariPool in HikariPool-1 housekeeper - HikariPool-1 - Thread starvation or clock leap detected (housekeeper delta=5h13m33s477ms).
2019-02-18 12:18:22,783 [WARN] from com.zaxxer.hikari.pool.HikariPool in HikariPool-1 housekeeper - HikariPool-1 - Thread starvation or clock leap detected (housekeeper delta=9h46m56s757ms).
2019-02-18 12:18:50,816 [WARN] from com.zaxxer.hikari.pool.HikariPool in HikariPool-1 housekeeper - HikariPool-1 - Retrograde clock change detected (housekeeper delta=29s56ms), soft-evicting connections from pool.
2019-02-18 12:36:57,106 [WARN] from com.zaxxer.hikari.pool.HikariPool in HikariPool-1 housekeeper - HikariPool-1 - Thread starvation or clock leap detected (housekeeper delta=7m5s433ms).
2019-02-18 15:48:00,939 [INFO] from application in application-akka.actor.default-dispatcher-7 - Shutting down connection pool.
2019-02-18 15:50:45,144 [INFO] from play.api.db.DefaultDBApi in play-dev-mode-akka.actor.default-dispatcher-22 - Database [default] initialized at jdbc:h2:~/archivo.db
2019-02-18 15:50:45,223 [INFO] from application in play-dev-mode-akka.actor.default-dispatcher-22 - Creating Pool for datasource 'default'
2019-02-18 15:53:15,480 [WARN] from org.hibernate.validator.messageinterpolation.ParameterMessageInterpolator in play-dev-mode-akka.actor.default-dispatcher-22 - HV000184: ParameterMessageInterpolator has been chosen, EL interpolation will not be supported
2019-02-18 15:53:17,079 [INFO] from play.api.http.EnabledFilters in play-dev-mode-akka.actor.default-dispatcher-22 - Enabled Filters (see <https://www.playframework.com/documentation/latest/Filters>):

    play.filters.csrf.CSRFFilter
    play.filters.headers.SecurityHeadersFilter
    play.filters.hosts.AllowedHostsFilter

2019-02-18 15:53:17,168 [INFO] from play.api.Play in play-dev-mode-akka.actor.default-dispatcher-22 - Application started (Dev)
2019-02-18 17:10:10,727 [WARN] from com.zaxxer.hikari.pool.HikariPool in HikariPool-2 housekeeper - HikariPool-2 - Thread starvation or clock leap detected (housekeeper delta=5m47s255ms).
2019-02-18 17:26:11,999 [WARN] from com.zaxxer.hikari.pool.HikariPool in HikariPool-2 housekeeper - HikariPool-2 - Retrograde clock change detected (housekeeper delta=29s311ms), soft-evicting connections from pool.
2019-02-18 21:00:21,924 [WARN] from com.zaxxer.hikari.pool.HikariPool in HikariPool-2 housekeeper - HikariPool-2 - Thread starvation or clock leap detected (housekeeper delta=3m35s118ms).
2019-02-18 21:33:42,326 [WARN] from com.zaxxer.hikari.pool.HikariPool in HikariPool-2 housekeeper - HikariPool-2 - Thread starvation or clock leap detected (housekeeper delta=33m20s417ms).
2019-02-18 21:34:12,195 [WARN] from com.zaxxer.hikari.pool.HikariPool in HikariPool-2 housekeeper - HikariPool-2 - Retrograde clock change detected (housekeeper delta=29s864ms), soft-evicting connections from pool.
2019-02-18 22:08:23,616 [WARN] from com.zaxxer.hikari.pool.HikariPool in HikariPool-2 housekeeper - HikariPool-2 - Thread starvation or clock leap detected (housekeeper delta=34m11s426ms).
2019-02-19 00:09:45,326 [WARN] from com.zaxxer.hikari.pool.HikariPool in HikariPool-2 housekeeper - HikariPool-2 - Thread starvation or clock leap detected (housekeeper delta=2h20s842ms).
2019-02-19 02:10:05,741 [WARN] from com.zaxxer.hikari.pool.HikariPool in HikariPool-2 housekeeper - HikariPool-2 - Thread starvation or clock leap detected (housekeeper delta=2h20s413ms).
2019-02-19 02:21:04,830 [WARN] from com.zaxxer.hikari.pool.HikariPool in HikariPool-2 housekeeper - HikariPool-2 - Thread starvation or clock leap detected (housekeeper delta=10m28s898ms).
2019-02-19 02:24:28,538 [WARN] from com.zaxxer.hikari.pool.HikariPool in HikariPool-2 housekeeper - HikariPool-2 - Thread starvation or clock leap detected (housekeeper delta=3m23s168ms).
2019-02-19 10:00:27,831 [WARN] from com.zaxxer.hikari.pool.HikariPool in HikariPool-2 housekeeper - HikariPool-2 - Thread starvation or clock leap detected (housekeeper delta=7h10m58s996ms).
